[1553938750358] GET /getUsers
[1553938750460] GET /favicon.ico
[1553946206388] POST /register
[1553946232659] POST /register?phone=18715039796
[1553946260109] POST /register?phone=18715039796
[1553946354374] POST /register?phone=18715039796
[1553946409447] POST /register?phone=18715039796
[1553946459719] POST /register?phone=18715039796
[1553946493688] POST /register?phone=18715039796
[1553946500736] POST /register?phone=18715039796
[1553946505676] POST /register?phone=18715039796
[1553946551481] POST /register
[1553946576098] POST /register
[1553946620445] POST /register
[1553946630729] POST /register
[1553946686657] POST /register
[1553946701036] POST /register
[1553947114666] POST /register
[1553947192416] POST /register
[1553947219573] POST /register
[1553947268861] POST /register
[1553947308397] POST /register
[1553947586414] POST /register
[1553947676008] POST /register
[1553947701243] POST /register
[1553947735155] POST /register
[1553947794103] POST /register
[1553947870902] POST /register
[1553948010030] POST /register
[1553948064989] POST /register
[1553948069619] POST /register
[1553948076860] POST /register
[1553948096534] POST /register
[1553948183751] POST /register
[1553948335160] POST /register
[1553948388597] POST /register
[1553948412788] POST /register
[1553948467835] POST /register
[1553948484754] POST /register
[1553948677912] POST /register
[1553948875204] POST /register
[1553948907041] POST /register
[1553948927735] POST /register
[1553948959952] POST /register
[1553948965322] POST /register
[1553949010884] POST /register
[1553949227080] POST /login
[1553949247096] POST /login
[1553949276962] POST /login
[1553949321312] POST /login
[1553949376527] POST /login
